<?xml version="1.0" encoding="UTF-8"?>
<!-- Generated by org.testng.reporters.JUnitReportReporter -->
<testsuite skipped="0" hostname="DESKTOP-A0381QT" name="inslyTests.rough3" tests="1" failures="0" timestamp="04 May 2019 22:56:51 GMT" time="21.584" errors="0">
  <testcase name="TC_03_AdminAccountFill" time="21.584" classname="inslyTests.rough3"/>
</testsuite> <!-- inslyTests.rough3 -->
