<?xml version="1.0" encoding="UTF-8"?>
<!-- Generated by org.testng.reporters.JUnitReportReporter -->
<testsuite hostname="DESKTOP-HOFM65N" failures="0" tests="5" name="zeroBankTests.LoginInvalid" time="4.364" errors="0" timestamp="2021-02-07T22:19:16 EET" skipped="0">
  <testcase classname="zeroBankTests.LoginInvalid" name="loginInvalid" time="0.944"/>
  <system-out>
Starting test method:loginInvalid  Enter value : td  Enter value : 1 Text : Login and/or password are wrong. - is Verified loginInvalid is Passed  </system-out>
  <testcase classname="zeroBankTests.LoginInvalid" name="loginInvalid" time="0.831"/>
  <system-out>
Starting test method:loginInvalid  Enter value :    Enter value :  Text : Login and/or password are wrong. - is Verified loginInvalid is Passed  </system-out>
  <testcase classname="zeroBankTests.LoginInvalid" name="loginInvalid" time="0.859"/>
  <system-out>
Starting test method:loginInvalid  Enter value : username  Enter value : _ Text : Login and/or password are wrong. - is Verified loginInvalid is Passed  </system-out>
  <testcase classname="zeroBankTests.LoginInvalid" name="loginInvalid" time="0.863"/>
  <system-out>
Starting test method:loginInvalid  Enter value : hyrgdasy  Enter value : lgfykkzo Text : Login and/or password are wrong. - is Verified loginInvalid is Passed  </system-out>
  <testcase classname="zeroBankTests.LoginInvalid" name="loginInvalid" time="0.867"/>
  <system-out>
Starting test method:loginInvalid  Enter value : st**  Enter value : password Text : Login and/or password are wrong. - is Verified loginInvalid is Passed  </system-out>
</testsuite> <!-- zeroBankTests.LoginInvalid -->
