<?xml version="1.0" encoding="UTF-8"?>
<!-- Generated by org.testng.reporters.JUnitReportReporter -->
<testsuite skipped="0" hostname="DESKTOP-A0381QT" name="inslyTests.TC_05_SignUpForm_ErrorMessages" tests="1" failures="0" timestamp="06 May 2019 21:29:59 GMT" time="9.923" errors="0">
  <testcase name="TC_05_VerifyFieldsErrorMessages" time="9.923" classname="inslyTests.TC_05_SignUpForm_ErrorMessages"/>
</testsuite> <!-- inslyTests.TC_05_SignUpForm_ErrorMessages -->
