<?xml version="1.0" encoding="UTF-8"?>
<!-- Generated by org.testng.reporters.JUnitReportReporter -->
<testsuite skipped="0" hostname="DESKTOP-A0381QT" name="inslyTests.rough2" tests="1" failures="0" timestamp="02 May 2019 20:15:51 GMT" time="7.352" errors="0">
  <testcase name="TC_02_Verify_auto_addressFillUp" time="7.352" classname="inslyTests.rough2"/>
</testsuite> <!-- inslyTests.rough2 -->
