<?xml version="1.0" encoding="UTF-8"?>
<!-- Generated by org.testng.reporters.JUnitReportReporter -->
<testsuite hostname="DESKTOP-HOFM65N" failures="0" tests="1" name="zeroBankTests.LoginValid" time="5.070" errors="0" timestamp="2021-02-07T22:19:16 EET" skipped="0">
  <testcase classname="zeroBankTests.LoginValid" name="loginValid" time="5.070"/>
  <system-out>
Starting test method:loginValid All elements from SignIn Page are Displayed  Enter value : username  Enter value : password All Elements on Account Summary Page are displayed All Elements on Account Summary Page are displayed loginValid is Passed  </system-out>
</testsuite> <!-- zeroBankTests.LoginValid -->
