<?xml version="1.0" encoding="UTF-8"?>
<!-- Generated by org.testng.reporters.JUnitReportReporter -->
<testsuite hostname="DESKTOP-HOFM65N" failures="0" tests="2" name="inslyTests.y" time="0.008" errors="0" timestamp="2021-02-07T14:08:50 EET" skipped="1">
  <testcase classname="inslyTests.y" name="LoginValid" time="0.008"/>
  <system-out/>
  <testcase classname="inslyTests.y" name="verifyData1">
    <skipped/>
  </testcase> <!-- verifyData1 -->
  <system-out/>
</testsuite> <!-- inslyTests.y -->
