<?xml version="1.0" encoding="UTF-8"?>
<!-- Generated by org.testng.reporters.JUnitReportReporter -->
<testsuite skipped="0" hostname="DESKTOP-A0381QT" name="inslyTests.TC_06_SignUpForm_ErrorMessages2" tests="1" failures="0" timestamp="06 May 2019 21:29:59 GMT" time="11.221" errors="0">
  <testcase name="TC_06_SignUpForm_ErrorMessages2" time="11.221" classname="inslyTests.TC_06_SignUpForm_ErrorMessages2"/>
</testsuite> <!-- inslyTests.TC_06_SignUpForm_ErrorMessages2 -->
