<?xml version="1.0" encoding="UTF-8"?>
<!-- Generated by org.testng.reporters.JUnitReportReporter -->
<testsuite skipped="0" hostname="DESKTOP-A0381QT" name="insly.insly.rough" tests="1" failures="0" timestamp="01 May 2019 12:02:21 GMT" time="11.304" errors="0">
  <testcase name="t" time="11.304" classname="insly.insly.rough"/>
</testsuite> <!-- insly.insly.rough -->
