<?xml version="1.0" encoding="UTF-8"?>
<!-- Generated by org.testng.reporters.JUnitReportReporter -->
<testsuite hostname="DESKTOP-HOFM65N" failures="0" tests="2" name="ZeroBank.DP" time="0.007" errors="0" timestamp="2021-02-07T17:14:03 EET" skipped="0">
  <testcase classname="ZeroBank.DP" name="t" time="0.006"/>
  <system-out/>
  <testcase classname="ZeroBank.DP" name="t" time="0.001"/>
  <system-out/>
</testsuite> <!-- ZeroBank.DP -->
