<?xml version="1.0" encoding="UTF-8"?>
<!-- Generated by org.testng.reporters.JUnitReportReporter -->
<testsuite skipped="0" hostname="DESKTOP-A0381QT" name="inslyTests.rough" tests="1" failures="0" timestamp="05 May 2019 15:58:10 GMT" time="0.007" errors="0">
  <testcase name="TC_01_titleCheck_and_FormVerify" time="0.007" classname="inslyTests.rough"/>
</testsuite> <!-- inslyTests.rough -->
